[0m[[0m[0mdebug[0m] [0m[0mjavaOptions: Vector()[0m
[0m[[0m[0mdebug[0m] [0m[0mForking tests - parallelism = false[0m
[0m[[0m[0mdebug[0m] [0m[0mCreate a single-thread test executor[0m
[0m[[0m[0mdebug[0m] [0m[0mRunner for com.novocode.junit.JUnitFramework produced 1 initial tasks for 1 tests.[0m
[0m[[0m[0mdebug[0m] [0m[0m  Running TaskDef(example.ListsSuite, sbt.ForkMain$AnnotatedFingerscan@8133417, false, [SuiteSelector])[0m
[0m[[0m[0minfo[0m] [0m[0m[34mTest run started[0m[0m
[0m[[0m[0minfo[0m] [0m[0mTest example.[33mListsSuite[0m.[36mone plus one is three (0pts)?[0m started[0m
[0m[[0m[31merror[0m] [0m[0mTest example.[33mListsSuite[0m.[31mone plus one is three (0pts)?[0m failed: java.lang.[31mAssertionError[0m: assertion failed, took 0.067 sec[0m
[0m[[0m[31merror[0m] [0m[0m    at scala.Predef$.assert(Predef.scala:267)[0m
[0m[[0m[31merror[0m] [0m[0m    at example.ListsSuite.one plus one is three (0pts)?([35mListsSuite.scala[0m:[33m28[0m)[0m
[0m[[0m[31merror[0m] [0m[0m    ...[0m
[0m[[0m[0mdebug[0m] [0m[0mTest example.[33mListsSuite[0m.[36mone plus one is three (0pts)?[0m finished, took 0.07 sec[0m
[0m[[0m[0minfo[0m] [0m[0mTest example.[33mListsSuite[0m.[36mmax of a few numbers (10pts)[0m started[0m
[0m[[0m[31merror[0m] [0m[0mTest example.[33mListsSuite[0m.[31mmax of a few numbers (10pts)[0m failed: scala.[31mNotImplementedError[0m: an implementation is missing, took 0.028 sec[0m
[0m[[0m[31merror[0m] [0m[0m    at scala.Predef$.???(Predef.scala:347)[0m
[0m[[0m[31merror[0m] [0m[0m    at example.Lists$.max(Lists.scala:40)[0m
[0m[[0m[31merror[0m] [0m[0m    at example.ListsSuite.max of a few numbers (10pts)([35mListsSuite.scala[0m:[33m101[0m)[0m
[0m[[0m[31merror[0m] [0m[0m    ...[0m
[0m[[0m[0mdebug[0m] [0m[0mTest example.[33mListsSuite[0m.[36mmax of a few numbers (10pts)[0m finished, took 0.029 sec[0m
[0m[[0m[0minfo[0m] [0m[0mTest example.[33mListsSuite[0m.[36mintNotZero throws an exception if its argument is 0[0m started[0m
[0m[[0m[0mdebug[0m] [0m[0mTest example.[33mListsSuite[0m.[36mintNotZero throws an exception if its argument is 0[0m finished, took 0.003 sec[0m
[0m[[0m[0minfo[0m] [0m[0mTest example.[33mListsSuite[0m.[36mdetails why one plus one is not three (0pts)[0m started[0m
[0m[[0m[31merror[0m] [0m[0mTest example.[33mListsSuite[0m.[31mdetails why one plus one is not three (0pts)[0m failed: java.lang.[31mAssertionError[0m: expected:<3> but was:<2>, took 0.001 sec[0m
[0m[[0m[31merror[0m] [0m[0m    at example.ListsSuite.details why one plus one is not three (0pts)([35mListsSuite.scala[0m:[33m53[0m)[0m
[0m[[0m[31merror[0m] [0m[0m    ...[0m
[0m[[0m[0mdebug[0m] [0m[0mTest example.[33mListsSuite[0m.[36mdetails why one plus one is not three (0pts)[0m finished, took 0.001 sec[0m
[0m[[0m[0minfo[0m] [0m[0mTest example.[33mListsSuite[0m.[36msum of a few numbers (10pts)[0m started[0m
[0m[[0m[31merror[0m] [0m[0mTest example.[33mListsSuite[0m.[31msum of a few numbers (10pts)[0m failed: scala.[31mNotImplementedError[0m: an implementation is missing, took 0.0 sec[0m
[0m[[0m[31merror[0m] [0m[0m    at scala.Predef$.???(Predef.scala:347)[0m
[0m[[0m[31merror[0m] [0m[0m    at example.Lists$.sum(Lists.scala:25)[0m
[0m[[0m[31merror[0m] [0m[0m    at example.ListsSuite.sum of a few numbers (10pts)([35mListsSuite.scala[0m:[33m97[0m)[0m
[0m[[0m[31merror[0m] [0m[0m    ...[0m
[0m[[0m[0mdebug[0m] [0m[0mTest example.[33mListsSuite[0m.[36msum of a few numbers (10pts)[0m finished, took 0.001 sec[0m
[0m[[0m[0minfo[0m] [0m[0mTest example.[33mListsSuite[0m.[36mone plus one is two (0pts)[0m started[0m
[0m[[0m[0mdebug[0m] [0m[0mTest example.[33mListsSuite[0m.[36mone plus one is two (0pts)[0m finished, took 0.004 sec[0m
[0m[[0m[0minfo[0m] [0m[0m[34mTest run finished: [0m[31m4 failed[0m[34m, [0m[34m0 ignored[0m[34m, 6 total, 0.162s[0m[0m
[0m[[0m[0mdebug[0m] [0m[0m    Produced 0 nested tasks and 6 events.[0m
[0m[[0m[0mdebug[0m] [0m[0mSummary for JUnit not available.[0m
[0m[[0m[31merror[0m] [0m[0mFailed: Total 6, Failed 4, Errors 0, Passed 2[0m
[0m[[0m[31merror[0m] [0m[0mFailed tests:[0m
[0m[[0m[31merror[0m] [0m[0m	example.ListsSuite[0m
[0m[[0m[31merror[0m] [0m[0m(Test / [31mtest[0m) sbt.TestsFailedException: Tests unsuccessful[0m
